03/06/2022 10:39:50 AM - INFO - YitLog : *******Test_01_checking_header*******
03/06/2022 10:39:51 AM - INFO - YitLog : *******Test checking header passed*******
03/06/2022 10:39:55 AM - INFO - YitLog : *******Test checking politics passed*******
03/06/2022 10:40:11 AM - INFO - YitLog : *******Test_02_checking_date*******
03/06/2022 10:40:11 AM - INFO - YitLog : *******Test checking date passed*******
03/06/2022 10:40:32 AM - INFO - YitLog : *******Test_03_checking_weather*******
03/06/2022 10:40:35 AM - INFO - YitLog : *******Test checking date passed*******
03/06/2022 11:07:56 AM - INFO - YitLog : *******Test_03_checking_weather*******
03/06/2022 11:08:02 AM - INFO - YitLog : *******Test checking date passed*******
03/06/2022 11:09:59 AM - INFO - YitLog : *******Test_01_checking_header*******
03/06/2022 11:09:59 AM - INFO - YitLog : *******Test checking header passed*******
03/06/2022 11:10:04 AM - INFO - YitLog : *******Test checking politics passed*******
03/06/2022 11:10:22 AM - INFO - YitLog : *******Test_02_checking_date*******
03/06/2022 11:10:22 AM - INFO - YitLog : *******Test checking date passed*******
03/06/2022 11:10:39 AM - INFO - YitLog : *******Test_03_checking_weather*******
03/06/2022 11:10:44 AM - INFO - YitLog : *******Test checking date passed*******
03/06/2022 11:13:49 AM - INFO - YitLog : *******Test_03_checking_weather*******
03/06/2022 11:13:54 AM - INFO - YitLog : *******Test checking date passed*******
03/06/2022 11:14:56 AM - INFO - YitLog : *******Test_03_checking_weather*******
03/06/2022 11:15:02 AM - INFO - YitLog : *******Test checking date passed*******
03/06/2022 11:16:56 AM - INFO - YitLog : *******Test_03_checking_weather*******
03/06/2022 11:17:25 AM - INFO - YitLog : *******Test_01_checking_header*******
03/06/2022 11:17:25 AM - INFO - YitLog : *******Test checking header passed*******
03/06/2022 11:17:30 AM - INFO - YitLog : *******Test checking politics passed*******
03/06/2022 11:17:47 AM - INFO - YitLog : *******Test_02_checking_date*******
03/06/2022 11:17:47 AM - INFO - YitLog : *******Test checking date passed*******
03/06/2022 11:18:04 AM - INFO - YitLog : *******Test_03_checking_weather*******
03/06/2022 11:18:10 AM - INFO - YitLog : *******Test checking date passed*******
03/06/2022 11:20:21 AM - INFO - YitLog : *******Test_02_checking_date*******
03/06/2022 11:20:21 AM - INFO - YitLog : *******Test checking date passed*******
03/06/2022 11:23:55 AM - INFO - YitLog : *******Test_01_checking_header*******
03/06/2022 11:23:55 AM - INFO - YitLog : *******Test checking header passed*******
03/06/2022 11:24:00 AM - INFO - YitLog : *******Test checking politics passed*******
03/06/2022 11:24:56 AM - INFO - YitLog : *******Test_01_checking_header*******
03/06/2022 11:24:57 AM - INFO - YitLog : *******Test checking header passed*******
03/06/2022 11:25:02 AM - INFO - YitLog : *******Test checking politics passed*******
03/06/2022 11:25:14 AM - INFO - YitLog : *******Test_02_checking_date*******
03/06/2022 11:25:15 AM - INFO - YitLog : *******Test checking date passed*******
03/06/2022 11:25:59 AM - INFO - YitLog : *******Test_03_checking_weather*******
03/06/2022 11:26:05 AM - INFO - YitLog : *******Test checking date passed*******
03/06/2022 11:28:31 AM - INFO - YitLog : *******Test_03_checking_weather*******
03/06/2022 11:28:38 AM - INFO - YitLog : *******Test checking date passed*******
03/06/2022 11:28:40 AM - INFO - YitLog : *******Test checking date passed*******
03/06/2022 11:29:22 AM - INFO - YitLog : *******Test_03_checking_weather*******
03/06/2022 11:29:28 AM - INFO - YitLog : *******Test checking date passed*******
03/06/2022 11:29:30 AM - INFO - YitLog : *******Test checking date passed*******
03/06/2022 11:52:02 AM - INFO - YitLog : *******Test_01_checking_header*******
03/06/2022 11:52:03 AM - INFO - YitLog : *******Test checking header passed*******
03/06/2022 11:52:06 AM - INFO - YitLog : *******Test checking politics passed*******
03/06/2022 11:52:19 AM - INFO - YitLog : *******Test_02_checking_date*******
03/06/2022 11:52:19 AM - INFO - YitLog : *******Test checking date passed*******
03/06/2022 11:52:35 AM - INFO - YitLog : *******Test_03_checking_weather*******
03/06/2022 11:52:42 AM - INFO - YitLog : *******Test checking date passed*******
03/06/2022 11:52:44 AM - INFO - YitLog : *******Test checking telAviv passed*******
03/06/2022 11:52:46 AM - INFO - YitLog : *******Test checking Jerusalem passed*******
03/06/2022 11:52:48 AM - INFO - YitLog : *******Test checking Ashdod passed*******
03/06/2022 11:52:49 AM - INFO - YitLog : *******Test checking BeerSheva passed*******
03/06/2022 11:52:51 AM - INFO - YitLog : *******Test checking Haifa passed*******
03/06/2022 11:52:52 AM - ERROR - YitLog : *******Test checking Zefat failed*******
03/06/2022 11:57:26 AM - INFO - YitLog : *******Test_01_checking_header*******
03/06/2022 11:57:26 AM - INFO - YitLog : *******Test checking header passed*******
03/06/2022 11:58:30 AM - INFO - YitLog : *******Test_01_checking_header*******
03/06/2022 11:58:30 AM - INFO - YitLog : *******Test checking header passed*******
03/06/2022 11:58:35 AM - INFO - YitLog : *******Test checking politics passed*******
03/06/2022 11:59:32 AM - INFO - YitLog : *******Test_01_checking_header*******
03/06/2022 11:59:32 AM - INFO - YitLog : *******Test checking header passed*******
03/06/2022 11:59:36 AM - INFO - YitLog : *******Test checking politics passed*******
03/06/2022 11:59:53 AM - INFO - YitLog : *******Test_02_checking_date*******
03/06/2022 11:59:53 AM - INFO - YitLog : *******Test checking date passed*******
03/06/2022 12:00:10 PM - INFO - YitLog : *******Test_03_checking_weather*******
03/06/2022 12:00:15 PM - INFO - YitLog : *******Test checking date passed*******
03/06/2022 12:00:17 PM - INFO - YitLog : *******Test checking telAviv passed*******
03/06/2022 12:00:19 PM - INFO - YitLog : *******Test checking Jerusalem passed*******
03/06/2022 12:00:20 PM - INFO - YitLog : *******Test checking Ashdod passed*******
03/06/2022 12:00:22 PM - INFO - YitLog : *******Test checking BeerSheva passed*******
03/06/2022 12:00:24 PM - INFO - YitLog : *******Test checking Haifa passed*******
03/06/2022 12:00:25 PM - INFO - YitLog : *******Test checking Zefat passed*******
03/06/2022 12:00:27 PM - INFO - YitLog : *******Test checking Tveria passed*******
